[BM][IPC Server handler 5 on 34771][Method Entry]org.apache.hadoop.hdfs.protocol.DatanodeInfo.setRemaining(DatanodeInfo.java:-1)
[BM][IPC Server handler 5 on 34771]ID=2,0
[BM][IPC Server handler 6 on 34771][Method Entry]org.apache.hadoop.hdfs.protocol.DatanodeInfo.setRemaining(DatanodeInfo.java:-1)
[BM][IPC Server handler 6 on 34771]ID=2,12825272320
[BM][IPC Server handler 7 on 34771][Method Entry]org.apache.hadoop.hdfs.protocol.DatanodeInfo.setRemaining(DatanodeInfo.java:-1)
[BM][IPC Server handler 7 on 34771]ID=2,0
[BM][IPC Server handler 8 on 34771][Method Entry]org.apache.hadoop.hdfs.protocol.DatanodeInfo.setRemaining(DatanodeInfo.java:-1)
[BM][IPC Server handler 8 on 34771]ID=2,0
[BM][IPC Server handler 0 on 34771][Method Entry]org.apache.hadoop.hdfs.protocol.DatanodeInfo.setRemaining(DatanodeInfo.java:-1)
[BM][IPC Server handler 0 on 34771]ID=2,12825247744
[BM][IPC Server handler 2 on 34771][Method Entry]org.apache.hadoop.hdfs.protocol.DatanodeInfo.setRemaining(DatanodeInfo.java:-1)
[BM][IPC Server handler 2 on 34771]ID=2,0
[BM][IPC Server handler 3 on 34771][Method Entry]org.apache.hadoop.hdfs.protocol.DatanodeInfo.setRemaining(DatanodeInfo.java:-1)
[BM][IPC Server handler 3 on 34771]ID=2,12825239552
[BM][IPC Server handler 1 on 34771][Method Entry]org.apache.hadoop.hdfs.protocol.DatanodeInfo.setRemaining(DatanodeInfo.java:-1)
[BM][IPC Server handler 1 on 34771]ID=2,0
[BM][IPC Server handler 5 on 34771][Method Entry]org.apache.hadoop.hdfs.protocol.DatanodeInfo.setRemaining(DatanodeInfo.java:-1)
[BM][IPC Server handler 5 on 34771]ID=2,12825223168
[BM][IPC Server handler 7 on 34771][Method Entry]org.apache.hadoop.hdfs.protocol.DatanodeInfo.setRemaining(DatanodeInfo.java:-1)
[BM][IPC Server handler 7 on 34771]ID=2,12825214976
[BM][main][Method Entry]org.apache.hadoop.hdfs.protocol.DatanodeInfo.<init>(DatanodeInfo.java:53)
[BM][main]ID=1,12825223168
[BM][main][Method Entry]org.apache.hadoop.hdfs.protocol.DatanodeInfo.<init>(DatanodeInfo.java:53)
[BM][main]ID=1,12825214976
[BM][main][Method Entry]org.apache.hadoop.hdfs.protocol.DatanodeInfo.<init>(DatanodeInfo.java:53)
[BM][main]ID=1,12825239552
[BM][main][Method Entry]org.apache.hadoop.hdfs.protocol.DatanodeInfo.<init>(DatanodeInfo.java:53)
[BM][main]ID=1,12825272320
[BM][main][Method Entry]org.apache.hadoop.hdfs.protocol.DatanodeInfo.<init>(DatanodeInfo.java:53)
[BM][main]ID=1,12825247744
[BM][main][Method Entry]org.apache.hadoop.hdfs.protocol.DatanodeInfo.<init>(DatanodeInfo.java:53)
[BM][main]ID=1,12825223168
[BM][main][Method Entry]org.apache.hadoop.hdfs.protocol.DatanodeInfo.<init>(DatanodeInfo.java:53)
[BM][main]ID=1,12825214976
[BM][main][Method Entry]org.apache.hadoop.hdfs.protocol.DatanodeInfo.<init>(DatanodeInfo.java:53)
[BM][main]ID=1,12825239552
[BM][main][Method Entry]org.apache.hadoop.hdfs.protocol.DatanodeInfo.<init>(DatanodeInfo.java:53)
[BM][main]ID=1,12825272320
[BM][main][Method Entry]org.apache.hadoop.hdfs.protocol.DatanodeInfo.<init>(DatanodeInfo.java:53)
[BM][main]ID=1,12825247744
[BM][Thread-209][Method Entry]org.apache.hadoop.hdfs.protocol.DatanodeInfo.<init>(DatanodeInfo.java:53)
[BM][Thread-209]ID=1,12825247744
[BM][Thread-209][Method Entry]org.apache.hadoop.hdfs.protocol.DatanodeInfo.<init>(DatanodeInfo.java:53)
[BM][Thread-209]ID=1,12825223168
[BM][Thread-209][Method Entry]org.apache.hadoop.hdfs.protocol.DatanodeInfo.<init>(DatanodeInfo.java:53)
[BM][Thread-209]ID=1,12825239552
[BM][DataXceiver for client /127.0.0.1:39830 [Waiting for operation #1]][Method Entry]org.apache.hadoop.hdfs.protocol.DatanodeInfo.<init>(DatanodeInfo.java:53)
[BM][DataXceiver for client /127.0.0.1:39830 [Waiting for operation #1]]ID=1,12825223168
[BM][DataXceiver for client /127.0.0.1:39830 [Waiting for operation #1]][Method Entry]org.apache.hadoop.hdfs.protocol.DatanodeInfo.<init>(DatanodeInfo.java:53)
[BM][DataXceiver for client /127.0.0.1:39830 [Waiting for operation #1]]ID=1,12825239552
[BM][DataXceiver for client /127.0.0.1:39830 [Waiting for operation #1]][Method Entry]org.apache.hadoop.hdfs.protocol.DatanodeInfo.<init>(DatanodeInfo.java:53)
[BM][DataXceiver for client /127.0.0.1:39830 [Waiting for operation #1]]ID=1,0
[BM][DataXceiver for client /127.0.0.1:58894 [Waiting for operation #1]][Method Entry]org.apache.hadoop.hdfs.protocol.DatanodeInfo.<init>(DatanodeInfo.java:53)
[BM][DataXceiver for client /127.0.0.1:58894 [Waiting for operation #1]]ID=1,12825239552
[BM][DataXceiver for client /127.0.0.1:58894 [Waiting for operation #1]][Method Entry]org.apache.hadoop.hdfs.protocol.DatanodeInfo.<init>(DatanodeInfo.java:53)
[BM][DataXceiver for client /127.0.0.1:58894 [Waiting for operation #1]]ID=1,0
[BM][DataXceiver for client /127.0.0.1:45252 [Waiting for operation #1]][Method Entry]org.apache.hadoop.hdfs.protocol.DatanodeInfo.<init>(DatanodeInfo.java:53)
[BM][DataXceiver for client /127.0.0.1:45252 [Waiting for operation #1]]ID=1,0
[BM][IPC Server handler 7 on 34771][Method Entry]org.apache.hadoop.hdfs.protocol.DatanodeInfo.setRemaining(DatanodeInfo.java:-1)
[BM][IPC Server handler 7 on 34771]ID=2,12825051136
[BM][IPC Server handler 9 on 34771][Method Entry]org.apache.hadoop.hdfs.protocol.DatanodeInfo.setRemaining(DatanodeInfo.java:-1)
[BM][IPC Server handler 9 on 34771]ID=2,12825051136
[BM][IPC Server handler 3 on 34771][Method Entry]org.apache.hadoop.hdfs.protocol.DatanodeInfo.setRemaining(DatanodeInfo.java:-1)
[BM][IPC Server handler 3 on 34771]ID=2,12825051136
[BM][IPC Server handler 6 on 34771][Method Entry]org.apache.hadoop.hdfs.protocol.DatanodeInfo.setRemaining(DatanodeInfo.java:-1)
[BM][IPC Server handler 6 on 34771]ID=2,12825042944
[BM][IPC Server handler 8 on 34771][Method Entry]org.apache.hadoop.hdfs.protocol.DatanodeInfo.setRemaining(DatanodeInfo.java:-1)
[BM][IPC Server handler 8 on 34771]ID=2,12825042944
[BM][IPC Server handler 7 on 34771][Method Entry]org.apache.hadoop.hdfs.protocol.DatanodeInfo.setRemaining(DatanodeInfo.java:-1)
[BM][IPC Server handler 7 on 34771]ID=2,12825010176
[BM][IPC Server handler 9 on 34771][Method Entry]org.apache.hadoop.hdfs.protocol.DatanodeInfo.setRemaining(DatanodeInfo.java:-1)
[BM][IPC Server handler 9 on 34771]ID=2,12825010176
[BM][IPC Server handler 6 on 34771][Method Entry]org.apache.hadoop.hdfs.protocol.DatanodeInfo.setRemaining(DatanodeInfo.java:-1)
[BM][IPC Server handler 6 on 34771]ID=2,12825001984
[BM][IPC Server handler 8 on 34771][Method Entry]org.apache.hadoop.hdfs.protocol.DatanodeInfo.setRemaining(DatanodeInfo.java:-1)
[BM][IPC Server handler 8 on 34771]ID=2,12825001984
[BM][IPC Server handler 0 on 34771][Method Entry]org.apache.hadoop.hdfs.protocol.DatanodeInfo.setRemaining(DatanodeInfo.java:-1)
[BM][IPC Server handler 0 on 34771]ID=2,12825010176
