[BM][main][Method Entry]org.apache.hadoop.hdfs.server.blockmanagement.BlockPlacementPolicyDefault.chooseRandom(BlockPlacementPolicyDefault.java:-1)
[BM][main]ID=0,1
[BM][main]ID=1,false
[BM][main]ID=6,true
[BM][main][Method Entry]org.apache.hadoop.hdfs.server.blockmanagement.BlockPlacementPolicyDefault.chooseRandom(BlockPlacementPolicyDefault.java:-1)
[BM][main]ID=0,1
[BM][main]ID=1,true
[BM][main]ID=2,false
[BM][main]ID=1,true
[BM][main]ID=2,false
[BM][main]ID=1,true
[BM][main]ID=2,true
[BM][main]ID=3,true
[BM][main]ID=4,true
[BM][main]ID=5,0
[BM][main]ID=3,true
[BM][main]ID=1,false
[BM][main]ID=6,false
[BM][main][Method Entry]org.apache.hadoop.hdfs.server.blockmanagement.BlockPlacementPolicyDefault.chooseRandom(BlockPlacementPolicyDefault.java:-1)
[BM][main]ID=0,1
[BM][main]ID=1,false
[BM][main]ID=6,true
[BM][main][Method Entry]org.apache.hadoop.hdfs.server.blockmanagement.BlockPlacementPolicyDefault.chooseRandom(BlockPlacementPolicyDefault.java:-1)
[BM][main]ID=0,1
[BM][main]ID=1,true
[BM][main]ID=2,true
[BM][main]ID=3,true
[BM][main]ID=4,true
[BM][main]ID=5,0
[BM][main]ID=3,true
[BM][main]ID=1,false
[BM][main]ID=6,false
[BM][main][Method Entry]org.apache.hadoop.hdfs.server.blockmanagement.BlockPlacementPolicyDefault.chooseRandom(BlockPlacementPolicyDefault.java:-1)
[BM][main]ID=0,2
[BM][main]ID=1,true
[BM][main]ID=2,true
[BM][main]ID=3,true
[BM][main]ID=4,true
[BM][main]ID=5,1
[BM][main]ID=3,true
[BM][main]ID=1,true
[BM][main]ID=2,false
[BM][main]ID=1,true
[BM][main]ID=2,true
[BM][main]ID=3,true
[BM][main]ID=4,true
[BM][main]ID=5,0
[BM][main]ID=3,true
[BM][main]ID=1,false
[BM][main]ID=6,false
[BM][IPC Server handler 5 on 35507][Method Entry]org.apache.hadoop.hdfs.server.blockmanagement.BlockPlacementPolicyDefault.chooseRandom(BlockPlacementPolicyDefault.java:-1)
[BM][IPC Server handler 5 on 35507]ID=0,1
[BM][IPC Server handler 5 on 35507]ID=1,false
[BM][IPC Server handler 5 on 35507]ID=6,true
[BM][IPC Server handler 5 on 35507][Method Entry]org.apache.hadoop.hdfs.server.blockmanagement.BlockPlacementPolicyDefault.chooseRandom(BlockPlacementPolicyDefault.java:-1)
[BM][IPC Server handler 5 on 35507]ID=0,1
[BM][IPC Server handler 5 on 35507]ID=1,true
[BM][IPC Server handler 5 on 35507]ID=2,true
[BM][IPC Server handler 5 on 35507]ID=3,true
[BM][IPC Server handler 5 on 35507]ID=4,true
[BM][IPC Server handler 5 on 35507]ID=5,0
[BM][IPC Server handler 5 on 35507]ID=3,true
[BM][IPC Server handler 5 on 35507]ID=1,false
[BM][IPC Server handler 5 on 35507]ID=6,false
[BM][IPC Server handler 5 on 35507][Method Entry]org.apache.hadoop.hdfs.server.blockmanagement.BlockPlacementPolicyDefault.chooseRandom(BlockPlacementPolicyDefault.java:-1)
[BM][IPC Server handler 5 on 35507]ID=0,1
[BM][IPC Server handler 5 on 35507]ID=1,false
[BM][IPC Server handler 5 on 35507]ID=6,true
[BM][IPC Server handler 5 on 35507][Method Entry]org.apache.hadoop.hdfs.server.blockmanagement.BlockPlacementPolicyDefault.chooseRandom(BlockPlacementPolicyDefault.java:-1)
[BM][IPC Server handler 5 on 35507]ID=0,1
[BM][IPC Server handler 5 on 35507]ID=1,true
[BM][IPC Server handler 5 on 35507]ID=2,true
[BM][IPC Server handler 5 on 35507]ID=3,true
[BM][IPC Server handler 5 on 35507]ID=4,true
[BM][IPC Server handler 5 on 35507]ID=5,0
[BM][IPC Server handler 5 on 35507]ID=3,true
[BM][IPC Server handler 5 on 35507]ID=1,false
[BM][IPC Server handler 5 on 35507]ID=6,false
[BM][main][Method Entry]org.apache.hadoop.hdfs.server.blockmanagement.BlockPlacementPolicyDefault.chooseRandom(BlockPlacementPolicyDefault.java:-1)
[BM][main]ID=0,1
[BM][main]ID=1,false
[BM][main]ID=6,true
[BM][main][Method Entry]org.apache.hadoop.hdfs.server.blockmanagement.BlockPlacementPolicyDefault.chooseRandom(BlockPlacementPolicyDefault.java:-1)
[BM][main]ID=0,1
[BM][main]ID=1,true
[BM][main]ID=2,false
[BM][main]ID=1,true
[BM][main]ID=2,false
[BM][main]ID=1,true
[BM][main]ID=2,true
[BM][main]ID=3,true
[BM][main]ID=4,true
[BM][main]ID=5,0
[BM][main]ID=3,true
[BM][main]ID=1,false
[BM][main]ID=6,false
[BM][main][Method Entry]org.apache.hadoop.hdfs.server.blockmanagement.BlockPlacementPolicyDefault.chooseRandom(BlockPlacementPolicyDefault.java:-1)
[BM][main]ID=0,1
[BM][main]ID=1,false
[BM][main]ID=6,true
[BM][main][Method Entry]org.apache.hadoop.hdfs.server.blockmanagement.BlockPlacementPolicyDefault.chooseRandom(BlockPlacementPolicyDefault.java:-1)
[BM][main]ID=0,1
[BM][main]ID=1,true
[BM][main]ID=2,false
[BM][main]ID=1,true
[BM][main]ID=2,true
[BM][main]ID=3,true
[BM][main]ID=4,true
[BM][main]ID=5,0
[BM][main]ID=3,true
[BM][main]ID=1,false
[BM][main]ID=6,false
