[BM][IPC Server handler 3 on 35253][Method Entry]org.apache.hadoop.hdfs.server.blockmanagement.BlockPlacementPolicyDefault.chooseRandom(BlockPlacementPolicyDefault.java:-1)
[BM][IPC Server handler 3 on 35253]ID=0,1
[BM][IPC Server handler 3 on 35253]ID=1,false
[BM][IPC Server handler 3 on 35253]ID=6,true
[BM][IPC Server handler 3 on 35253][Method Entry]org.apache.hadoop.hdfs.server.blockmanagement.BlockPlacementPolicyDefault.chooseRandom(BlockPlacementPolicyDefault.java:-1)
[BM][IPC Server handler 3 on 35253]ID=0,1
[BM][IPC Server handler 3 on 35253]ID=1,true
[BM][IPC Server handler 3 on 35253]ID=2,false
[BM][IPC Server handler 3 on 35253]ID=1,true
[BM][IPC Server handler 3 on 35253]ID=2,true
[BM][IPC Server handler 3 on 35253]ID=3,true
[BM][IPC Server handler 3 on 35253]ID=4,true
[BM][IPC Server handler 3 on 35253]ID=5,0
[BM][IPC Server handler 3 on 35253]ID=3,true
[BM][IPC Server handler 3 on 35253]ID=1,false
[BM][IPC Server handler 3 on 35253]ID=6,false
[BM][IPC Server handler 3 on 35253][Method Entry]org.apache.hadoop.hdfs.server.blockmanagement.BlockPlacementPolicyDefault.chooseRandom(BlockPlacementPolicyDefault.java:-1)
[BM][IPC Server handler 3 on 35253]ID=0,1
[BM][IPC Server handler 3 on 35253]ID=1,false
[BM][IPC Server handler 3 on 35253]ID=6,true
[BM][IPC Server handler 3 on 35253][Method Entry]org.apache.hadoop.hdfs.server.blockmanagement.BlockPlacementPolicyDefault.chooseRandom(BlockPlacementPolicyDefault.java:-1)
[BM][IPC Server handler 3 on 35253]ID=0,1
[BM][IPC Server handler 3 on 35253]ID=1,true
[BM][IPC Server handler 3 on 35253]ID=2,true
[BM][IPC Server handler 3 on 35253]ID=3,true
[BM][IPC Server handler 3 on 35253]ID=4,true
[BM][IPC Server handler 3 on 35253]ID=5,0
[BM][IPC Server handler 3 on 35253]ID=3,true
[BM][IPC Server handler 3 on 35253]ID=1,false
[BM][IPC Server handler 3 on 35253]ID=6,false
[BM][org.apache.hadoop.hdfs.server.blockmanagement.BlockManager$ReplicationMonitor@4fbe37eb][Method Entry]org.apache.hadoop.hdfs.server.blockmanagement.BlockPlacementPolicyDefault.chooseRandom(BlockPlacementPolicyDefault.java:-1)
[BM][org.apache.hadoop.hdfs.server.blockmanagement.BlockManager$ReplicationMonitor@4fbe37eb]ID=0,2
[BM][org.apache.hadoop.hdfs.server.blockmanagement.BlockManager$ReplicationMonitor@4fbe37eb]ID=1,true
[BM][org.apache.hadoop.hdfs.server.blockmanagement.BlockManager$ReplicationMonitor@4fbe37eb]ID=2,true
[BM][org.apache.hadoop.hdfs.server.blockmanagement.BlockManager$ReplicationMonitor@4fbe37eb]ID=3,true
[BM][org.apache.hadoop.hdfs.server.blockmanagement.BlockManager$ReplicationMonitor@4fbe37eb]ID=4,false
[BM][org.apache.hadoop.hdfs.server.blockmanagement.BlockManager$ReplicationMonitor@4fbe37eb]ID=3,true
[BM][org.apache.hadoop.hdfs.server.blockmanagement.BlockManager$ReplicationMonitor@4fbe37eb]ID=4,false
[BM][org.apache.hadoop.hdfs.server.blockmanagement.BlockManager$ReplicationMonitor@4fbe37eb]ID=3,false
[BM][org.apache.hadoop.hdfs.server.blockmanagement.BlockManager$ReplicationMonitor@4fbe37eb]ID=1,true
[BM][org.apache.hadoop.hdfs.server.blockmanagement.BlockManager$ReplicationMonitor@4fbe37eb]ID=2,false
[BM][org.apache.hadoop.hdfs.server.blockmanagement.BlockManager$ReplicationMonitor@4fbe37eb]ID=1,true
[BM][org.apache.hadoop.hdfs.server.blockmanagement.BlockManager$ReplicationMonitor@4fbe37eb]ID=2,false
[BM][org.apache.hadoop.hdfs.server.blockmanagement.BlockManager$ReplicationMonitor@4fbe37eb]ID=1,true
[BM][org.apache.hadoop.hdfs.server.blockmanagement.BlockManager$ReplicationMonitor@4fbe37eb]ID=2,true
[BM][org.apache.hadoop.hdfs.server.blockmanagement.BlockManager$ReplicationMonitor@4fbe37eb]ID=3,true
[BM][org.apache.hadoop.hdfs.server.blockmanagement.BlockManager$ReplicationMonitor@4fbe37eb]ID=4,false
[BM][org.apache.hadoop.hdfs.server.blockmanagement.BlockManager$ReplicationMonitor@4fbe37eb]ID=3,true
[BM][org.apache.hadoop.hdfs.server.blockmanagement.BlockManager$ReplicationMonitor@4fbe37eb]ID=4,false
[BM][org.apache.hadoop.hdfs.server.blockmanagement.BlockManager$ReplicationMonitor@4fbe37eb]ID=3,false
[BM][org.apache.hadoop.hdfs.server.blockmanagement.BlockManager$ReplicationMonitor@4fbe37eb]ID=1,false
[BM][org.apache.hadoop.hdfs.server.blockmanagement.BlockManager$ReplicationMonitor@4fbe37eb]ID=6,true
