[BM][IPC Server handler 5 on 36067][Method Entry] 
[BM][IPC Server handler 5 on 36067]ID=6,
[BM][IPC Server handler 5 on 36067]ID=5,
[BM][IPC Server handler 5 on 36067]ID=4,
[BM][IPC Server handler 5 on 36067]ID=3,
[BM][IPC Server handler 5 on 36067]ID=1,false
[BM][IPC Server handler 5 on 36067]ID=0,
[BM][IPC Server handler 5 on 36067][Method Entry] 
[BM][IPC Server handler 5 on 36067]ID=6,
[BM][IPC Server handler 5 on 36067]ID=5,
[BM][IPC Server handler 5 on 36067]ID=4,
[BM][IPC Server handler 5 on 36067]ID=3,
[BM][IPC Server handler 5 on 36067]ID=1,false
[BM][IPC Server handler 5 on 36067]ID=0,
[BM][IPC Server handler 5 on 36067][Method Entry] 
[BM][IPC Server handler 5 on 36067]ID=6,
[BM][IPC Server handler 5 on 36067]ID=5,
[BM][IPC Server handler 5 on 36067]ID=4,
[BM][IPC Server handler 5 on 36067]ID=3,
[BM][IPC Server handler 5 on 36067]ID=1,false
[BM][IPC Server handler 5 on 36067]ID=0,
[BM][org.apache.hadoop.hdfs.server.blockmanagement.BlockManager$ReplicationMonitor@560348e6][Method Entry] 
[BM][org.apache.hadoop.hdfs.server.blockmanagement.BlockManager$ReplicationMonitor@560348e6]ID=6,
[BM][org.apache.hadoop.hdfs.server.blockmanagement.BlockManager$ReplicationMonitor@560348e6]ID=5,
[BM][org.apache.hadoop.hdfs.server.blockmanagement.BlockManager$ReplicationMonitor@560348e6]ID=4,
[BM][org.apache.hadoop.hdfs.server.blockmanagement.BlockManager$ReplicationMonitor@560348e6]ID=3,
[BM][org.apache.hadoop.hdfs.server.blockmanagement.BlockManager$ReplicationMonitor@560348e6]ID=1,false
[BM][org.apache.hadoop.hdfs.server.blockmanagement.BlockManager$ReplicationMonitor@560348e6]ID=0,
[BM][org.apache.hadoop.hdfs.server.blockmanagement.BlockManager$ReplicationMonitor@560348e6][Method Entry] 
[BM][org.apache.hadoop.hdfs.server.blockmanagement.BlockManager$ReplicationMonitor@560348e6]ID=6,
[BM][org.apache.hadoop.hdfs.server.blockmanagement.BlockManager$ReplicationMonitor@560348e6]ID=5,
[BM][org.apache.hadoop.hdfs.server.blockmanagement.BlockManager$ReplicationMonitor@560348e6]ID=4,
[BM][org.apache.hadoop.hdfs.server.blockmanagement.BlockManager$ReplicationMonitor@560348e6]ID=3,
[BM][org.apache.hadoop.hdfs.server.blockmanagement.BlockManager$ReplicationMonitor@560348e6]ID=1,false
[BM][org.apache.hadoop.hdfs.server.blockmanagement.BlockManager$ReplicationMonitor@560348e6]ID=0,
[BM][org.apache.hadoop.hdfs.server.blockmanagement.BlockManager$ReplicationMonitor@560348e6][Method Entry] 
[BM][org.apache.hadoop.hdfs.server.blockmanagement.BlockManager$ReplicationMonitor@560348e6]ID=6, 
[BM][org.apache.hadoop.hdfs.server.blockmanagement.BlockManager$ReplicationMonitor@560348e6]ID=5,
[BM][org.apache.hadoop.hdfs.server.blockmanagement.BlockManager$ReplicationMonitor@560348e6]ID=4,
[BM][org.apache.hadoop.hdfs.server.blockmanagement.BlockManager$ReplicationMonitor@560348e6]ID=3,
[BM][org.apache.hadoop.hdfs.server.blockmanagement.BlockManager$ReplicationMonitor@560348e6]ID=1,false
[BM][org.apache.hadoop.hdfs.server.blockmanagement.BlockManager$ReplicationMonitor@560348e6]ID=0,
[BM][org.apache.hadoop.hdfs.server.blockmanagement.BlockManager$ReplicationMonitor@560348e6][Method Entry] 
[BM][org.apache.hadoop.hdfs.server.blockmanagement.BlockManager$ReplicationMonitor@560348e6]ID=6,
[BM][org.apache.hadoop.hdfs.server.blockmanagement.BlockManager$ReplicationMonitor@560348e6]ID=5,
[BM][org.apache.hadoop.hdfs.server.blockmanagement.BlockManager$ReplicationMonitor@560348e6]ID=4,
[BM][org.apache.hadoop.hdfs.server.blockmanagement.BlockManager$ReplicationMonitor@560348e6]ID=3,
[BM][org.apache.hadoop.hdfs.server.blockmanagement.BlockManager$ReplicationMonitor@560348e6]ID=1,false 
[BM][org.apache.hadoop.hdfs.server.blockmanagement.BlockManager$ReplicationMonitor@560348e6]ID=0,
